--------------------------------------------------------------------------------
Release 14.7 Trace  (nt64)
Copyright (c) 1995-2013 Xilinx, Inc.  All rights reserved.

D:\Xilinx\14.7\ISE_DS\ISE\bin\nt64\unwrapped\trce.exe -intstyle ise -v 3 -s 3
-n 3 -fastpaths -xml calculator.twx calculator.ncd -o calculator.twr
calculator.pcf -ucf calculator.ucf

Design file:              calculator.ncd
Physical constraint file: calculator.pcf
Device,package,speed:     xc6slx16,csg324,C,-3 (PRODUCTION 1.23 2013-10-13)
Report level:             verbose report

Environment Variable      Effect 
--------------------      ------ 
NONE                      No environment variables were set
--------------------------------------------------------------------------------

INFO:Timing:2698 - No timing constraints found, doing default enumeration.
INFO:Timing:3412 - To improve timing, see the Timing Closure User Guide (UG612).
INFO:Timing:2752 - To get complete path coverage, use the unconstrained paths 
   option. All paths that are not constrained will be reported in the 
   unconstrained paths section(s) of the report.
INFO:Timing:3339 - The clock-to-out numbers in this timing report are based on 
   a 50 Ohm transmission line loading model.  For the details of this model, 
   and for more information on accounting for different loading conditions, 
   please see the device datasheet.



Data Sheet report:
-----------------
All values displayed in nanoseconds (ns)

Setup/Hold to clock clk
------------+------------+------------+------------+------------+------------------+--------+
            |Max Setup to|  Process   |Max Hold to |  Process   |                  | Clock  |
Source      | clk (edge) |   Corner   | clk (edge) |   Corner   |Internal Clock(s) | Phase  |
------------+------------+------------+------------+------------+------------------+--------+
COLUMN<0>   |    2.235(R)|      SLOW  |   -1.199(R)|      SLOW  |clk_BUFGP         |   0.000|
COLUMN<1>   |    1.771(R)|      SLOW  |   -0.758(R)|      SLOW  |clk_BUFGP         |   0.000|
COLUMN<2>   |    2.154(R)|      SLOW  |   -1.121(R)|      SLOW  |clk_BUFGP         |   0.000|
COLUMN<3>   |    2.168(R)|      SLOW  |   -1.132(R)|      SLOW  |clk_BUFGP         |   0.000|
rst         |    7.710(R)|      SLOW  |   -4.276(R)|      FAST  |clk_BUFGP         |   0.000|
------------+------------+------------+------------+------------+------------------+--------+

Clock clk to Pad
------------+-----------------+------------+-----------------+------------+------------------+--------+
            |Max (slowest) clk|  Process   |Min (fastest) clk|  Process   |                  | Clock  |
Destination |  (edge) to PAD  |   Corner   |  (edge) to PAD  |   Corner   |Internal Clock(s) | Phase  |
------------+-----------------+------------+-----------------+------------+------------------+--------+
ROW<0>      |         8.346(R)|      SLOW  |         4.246(R)|      FAST  |clk_BUFGP         |   0.000|
ROW<1>      |         8.500(R)|      SLOW  |         4.329(R)|      FAST  |clk_BUFGP         |   0.000|
ROW<2>      |         8.413(R)|      SLOW  |         4.427(R)|      FAST  |clk_BUFGP         |   0.000|
ROW<3>      |         8.046(R)|      SLOW  |         4.211(R)|      FAST  |clk_BUFGP         |   0.000|
------------+-----------------+------------+-----------------+------------+------------------+--------+

Clock to Setup on destination clock clk
---------------+---------+---------+---------+---------+
               | Src:Rise| Src:Fall| Src:Rise| Src:Fall|
Source Clock   |Dest:Rise|Dest:Rise|Dest:Fall|Dest:Fall|
---------------+---------+---------+---------+---------+
clk            |    1.926|         |         |         |
---------------+---------+---------+---------+---------+


Analysis completed Sat Jun 27 01:39:39 2015 
--------------------------------------------------------------------------------

Trace Settings:
-------------------------
Trace Settings 

Peak Memory Usage: 247 MB



