#-----------------------------------------------------------
# PlanAhead v14.7 (64-bit)
# Build 321239 by xbuild on Fri Sep 27 19:29:51 MDT 2013
# Start of session at: Fri Jun 26 15:33:17 2015
# Process ID: 1484
# Log file: C:/Users/NTHUCS/final/HardwareFinal/planAhead_run_1/planAhead.log
# Journal file: C:/Users/NTHUCS/final/HardwareFinal/planAhead_run_1/planAhead.jou
#-----------------------------------------------------------
INFO: [Common 17-78] Attempting to get a license: PlanAhead
INFO: [Common 17-290] Got license for PlanAhead
INFO: [Device 21-36] Loading parts and site information from C:/Xilinx/14.7/ISE_DS/PlanAhead/data/parts/arch.xml
Parsing RTL primitives file [C:/Xilinx/14.7/ISE_DS/PlanAhead/data/parts/xilinx/rtl/prims/rtl_prims.xml]
Finished parsing RTL primitives file [C:/Xilinx/14.7/ISE_DS/PlanAhead/data/parts/xilinx/rtl/prims/rtl_prims.xml]
start_gui
source C:/Users/NTHUCS/final/HardwareFinal/pa.fromNetlist.tcl
# create_project -name final -dir "C:/Users/NTHUCS/final/HardwareFinal/planAhead_run_2" -part xc6slx16csg324-3
# set_property design_mode GateLvl [get_property srcset [current_run -impl]]
# set_property edif_top_file "C:/Users/NTHUCS/final/HardwareFinal/calculator.ngc" [ get_property srcset [ current_run ] ]
# add_files -norecurse { {C:/Users/NTHUCS/final/HardwareFinal} }
# set_property target_constrs_file "calculator.ucf" [current_fileset -constrset]
Adding file 'C:/Users/NTHUCS/final/HardwareFinal/calculator.ucf' to fileset 'constrs_1'
# add_files [list {calculator.ucf}] -fileset [get_property constrset [current_run]]
# link_design
Design is defaulting to srcset: sources_1
Design is defaulting to constrset: constrs_1
Design is defaulting to project part: xc6slx16csg324-3
Release 14.7 - ngc2edif P.20131013 (nt64)
Copyright (c) 1995-2013 Xilinx, Inc.  All rights reserved.
Reading design calculator.ngc ...
WARNING:NetListWriters:298 - No output is written to calculator.xncf, ignored.
Processing design ...
   Preping design's networks ...
   Preping design's macros ...
WARNING:NetListWriters:306 - Signal bus tmp_exp<11 : 0> on block calculator is
   not reconstructed, because there are some missing bus signals.
WARNING:NetListWriters:306 - Signal bus GND_1_o_tmp_exp[11]_mux_69_OUT<11 : 0>
   on block calculator is not reconstructed, because there are some missing bus
   signals.
WARNING:NetListWriters:306 - Signal bus tmp_exp[11]_GND_1_o_mux_71_OUT<11 : 0>
   on block calculator is not reconstructed, because there are some missing bus
   signals.
WARNING:NetListWriters:306 - Signal bus exp2[11]_exp2[11]_mux_56_OUT<11 : 0> on
   block calculator is not reconstructed, because there are some missing bus
   signals.
WARNING:NetListWriters:306 - Signal bus exp3[11]_exp3[11]_mux_59_OUT<11 : 0> on
   block calculator is not reconstructed, because there are some missing bus
   signals.
WARNING:NetListWriters:306 - Signal bus exp1[11]_exp1[11]_mux_53_OUT<11 : 0> on
   block calculator is not reconstructed, because there are some missing bus
   signals.
WARNING:NetListWriters:306 - Signal bus GND_1_o_GND_1_o_mux_70_OUT<11 : 0> on
   block calculator is not reconstructed, because there are some missing bus
   signals.
WARNING:NetListWriters:306 - Signal bus Msub_GND_1_o_GND_1_o_sub_75_OUT_cy<2 :
   0> on block calculator is not reconstructed, because there are some missing
   bus signals.
WARNING:NetListWriters:306 - Signal bus Madd_n0406[4:0]_cy<2 : 0> on block
   calculator is not reconstructed, because there are some missing bus signals.
WARNING:NetListWriters:306 - Signal bus Msub_GND_1_o_GND_1_o_sub_111_OUT_cy<2 :
   0> on block calculator is not reconstructed, because there are some missing
   bus signals.
WARNING:NetListWriters:306 - Signal bus Madd_n0412[4:0]_cy<2 : 0> on block
   calculator is not reconstructed, because there are some missing bus signals.
WARNING:NetListWriters:306 - Signal bus Msub_GND_1_o_GND_1_o_sub_147_OUT_cy<2 :
   0> on block calculator is not reconstructed, because there are some missing
   bus signals.
WARNING:NetListWriters:306 - Signal bus Madd_n0418[4:0]_cy<2 : 0> on block
   calculator is not reconstructed, because there are some missing bus signals.
WARNING:NetListWriters:306 - Signal bus d/Result<9 : 0> on block calculator is
   not reconstructed, because there are some missing bus signals.
WARNING:NetListWriters:306 - Signal bus d/_n3234<15 : 0> on block calculator is
   not reconstructed, because there are some missing bus signals.
  finished :Prep
Writing EDIF netlist file calculator.edif ...
ngc2edif: Total memory usage is 85260 kilobytes

Parsing EDIF File [./planAhead_run_2/final.data/cache/calculator_ngc_zx.edif]
Finished Parsing EDIF File [./planAhead_run_2/final.data/cache/calculator_ngc_zx.edif]
INFO: [Netlist 29-17] Analyzing 1 Unisim elements for replacement
INFO: [Netlist 29-28] Unisim Transformation completed in 0 CPU seconds
WARNING: [Netlist 29-43] Netlist 'calculator' is not ideal for floorplanning, since the cellview 'calculator' defined in file 'calculator.ngc' contains large number of primitives.  Please consider enabling hierarchy in synthesis if you want to do floorplanning.
Loading clock regions from C:/Xilinx/14.7/ISE_DS/PlanAhead/data\parts/xilinx/spartan6/spartan6lx/xc6slx16/ClockRegion.xml
Loading clock buffers from C:/Xilinx/14.7/ISE_DS/PlanAhead/data\parts/xilinx/spartan6/spartan6lx/xc6slx16/ClockBuffers.xml
Loading package pin functions from C:/Xilinx/14.7/ISE_DS/PlanAhead/data\parts/xilinx/spartan6/PinFunctions.xml...
Loading package from C:/Xilinx/14.7/ISE_DS/PlanAhead/data\parts/xilinx/spartan6/spartan6lx/xc6slx16/csg324/Package.xml
Loading io standards from C:/Xilinx/14.7/ISE_DS/PlanAhead/data\./parts/xilinx/spartan6/IOStandards.xml
Loading device configuration modes from C:/Xilinx/14.7/ISE_DS/PlanAhead/data\parts/xilinx/spartan6/ConfigModes.xml
Loading list of drcs for the architecture : C:/Xilinx/14.7/ISE_DS/PlanAhead/data\./parts/xilinx/spartan6/drc.xml
Parsing UCF File [C:/Users/NTHUCS/final/HardwareFinal/calculator.ucf]
CRITICAL WARNING: [Constraints 18-11] Could not find net or pin 'LED[15]' [C:/Users/NTHUCS/final/HardwareFinal/calculator.ucf:40]
CRITICAL WARNING: [Constraints 18-11] Could not find net or pin 'LED[14]' [C:/Users/NTHUCS/final/HardwareFinal/calculator.ucf:41]
CRITICAL WARNING: [Constraints 18-11] Could not find net or pin 'LED[13]' [C:/Users/NTHUCS/final/HardwareFinal/calculator.ucf:42]
CRITICAL WARNING: [Constraints 18-11] Could not find net or pin 'LED[12]' [C:/Users/NTHUCS/final/HardwareFinal/calculator.ucf:43]
CRITICAL WARNING: [Constraints 18-11] Could not find net or pin 'LED[11]' [C:/Users/NTHUCS/final/HardwareFinal/calculator.ucf:44]
CRITICAL WARNING: [Constraints 18-11] Could not find net or pin 'LED[10]' [C:/Users/NTHUCS/final/HardwareFinal/calculator.ucf:45]
CRITICAL WARNING: [Constraints 18-11] Could not find net or pin 'LED[9]' [C:/Users/NTHUCS/final/HardwareFinal/calculator.ucf:46]
CRITICAL WARNING: [Constraints 18-11] Could not find net or pin 'LED[8]' [C:/Users/NTHUCS/final/HardwareFinal/calculator.ucf:47]
CRITICAL WARNING: [Constraints 18-11] Could not find net or pin 'LED[7]' [C:/Users/NTHUCS/final/HardwareFinal/calculator.ucf:48]
CRITICAL WARNING: [Constraints 18-11] Could not find net or pin 'LED[6]' [C:/Users/NTHUCS/final/HardwareFinal/calculator.ucf:49]
CRITICAL WARNING: [Constraints 18-11] Could not find net or pin 'LED[5]' [C:/Users/NTHUCS/final/HardwareFinal/calculator.ucf:50]
CRITICAL WARNING: [Constraints 18-11] Could not find net or pin 'LED[4]' [C:/Users/NTHUCS/final/HardwareFinal/calculator.ucf:51]
CRITICAL WARNING: [Constraints 18-11] Could not find net or pin 'LED[3]' [C:/Users/NTHUCS/final/HardwareFinal/calculator.ucf:52]
CRITICAL WARNING: [Constraints 18-11] Could not find net or pin 'LED[2]' [C:/Users/NTHUCS/final/HardwareFinal/calculator.ucf:53]
CRITICAL WARNING: [Constraints 18-11] Could not find net or pin 'LED[1]' [C:/Users/NTHUCS/final/HardwareFinal/calculator.ucf:54]
CRITICAL WARNING: [Constraints 18-11] Could not find net or pin 'LED[0]' [C:/Users/NTHUCS/final/HardwareFinal/calculator.ucf:55]
Finished Parsing UCF File [C:/Users/NTHUCS/final/HardwareFinal/calculator.ucf]
INFO: [Designutils 20-20] Invalid constraints found, use command 'write_ucf -constraints invalid <file>' to save all the invalid constraints to a file
INFO: [Project 1-111] Unisim Transformation Summary:
  A total of 1 instances were transformed.
  BUFGP => BUFGP (IBUF, BUFG): 1 instances

Phase 0 | Netlist Checksum: b2842d3e
link_design: Time (s): elapsed = 00:00:13 . Memory (MB): peak = 604.039 ; gain = 189.281
exit
ERROR: [PlanAhead 12-106] *** Exception: ui.h.b: Found deleted key in HTclEventBroker. Verify if the classes listed here call cleanup()
HTclEvent: DEBUG_PORT_CONFIG_CHANGE   Classes: ui.views.aR 
HTclEvent: SIGNAL_BUS_MODIFY   Classes: ui.views.aR 
HTclEvent: SIGNAL_MODIFY   Classes: ui.views.aR 
HTclEvent: DEBUG_CORE_CONFIG_CHANGE   Classes: ui.views.aR 
 (See C:/Users/NTHUCS/final/HardwareFinal\planAhead_pid1484.debug)
ERROR: [Common 17-39] 'stop_gui' failed due to earlier errors.
INFO: [Common 17-206] Exiting PlanAhead at Fri Jun 26 15:35:03 2015...
INFO: [Common 17-83] Releasing license: PlanAhead
